Flutter crash report.
Please report a bug at https://github.com/flutter/flutter/issues.

## command

flutter debug_adapter

## exception

FileSystemException: FileSystemException: writeFrom failed, path = '' (OS Error: Broken pipe, errno = 32)

```
#0      _checkForErrorResponse (dart:io/common.dart:58:9)
#1      _RandomAccessFile.writeFrom.<anonymous closure> (dart:io/file_impl.dart:1001:7)
#2      _rootRunUnary (dart:async/zone.dart:1538:47)
#3      _CustomZone.runUnary (dart:async/zone.dart:1429:19)
<asynchronous suspension>
#4      _FileStreamConsumer.addStream.<anonymous closure>.<anonymous closure>.<anonymous closure> (dart:io/file_impl.dart:237:27)
<asynchronous suspension>
```

## flutter doctor

```
[☠] Flutter (the doctor check crashed)
    ✗ Due to an error, the doctor check did not complete. If the error message below is not helpful, please let us know about this issue at https://github.com/flutter/flutter/issues.
    ✗ Exception: Could not find directory at /Users/fulvio/development/flutter/bin/cache/dart-sdk/bin/resources/devtools
    • #0      Cache.devToolsVersion (package:flutter_tools/src/cache.dart:426:9)
      #1      _DefaultDoctorValidatorsProvider.validators.<anonymous closure> (package:flutter_tools/src/doctor.dart:129:46)
      #2      FlutterValidator.validateImpl (package:flutter_tools/src/doctor.dart:585:84)
      #3      DoctorValidator.validate (package:flutter_tools/src/doctor_validator.dart:58:43)
      #4      Doctor.startValidatorTasks.<anonymous closure> (package:flutter_tools/src/doctor.dart:236:72)
      #5      asyncGuard.<anonymous closure> (package:flutter_tools/src/base/async_guard.dart:108:32)
      #6      _rootRun (dart:async/zone.dart:1525:13)
      #7      _CustomZone.run (dart:async/zone.dart:1422:19)
      #8      _runZoned (dart:async/zone.dart:2034:6)
      #9      runZonedGuarded (dart:async/zone.dart:2020:12)
      #10     asyncGuard (package:flutter_tools/src/base/async_guard.dart:106:3)
      #11     Doctor.startValidatorTasks (package:flutter_tools/src/doctor.dart:226:9)
      #12     DoctorText._validatorTasks (package:flutter_tools/src/doctor.dart:836:60)
      #13     DoctorText._validatorTasks (package:flutter_tools/src/doctor.dart)
      #14     DoctorText._runDiagnosis (package:flutter_tools/src/doctor.dart:841:32)
      #15     DoctorText.text (package:flutter_tools/src/doctor.dart:832:36)
      #16     DoctorText.text (package:flutter_tools/src/doctor.dart)
      #17     _createLocalCrashReport (package:flutter_tools/runner.dart:283:51)
      #18     _handleToolError (package:flutter_tools/runner.dart:244:31)
      <asynchronous suspension>
      #19     run.<anonymous closure>.<anonymous closure> (package:flutter_tools/runner.dart:132:9)
      <asynchronous suspension>


[!] Android toolchain - develop for Android devices (Android SDK version 33.0.2) [3.8s]
    • Android SDK at /Users/fulvio/Library/Android/sdk
    • Emulator version 32.1.11.0 (build_id 9536276) (CL:N/A)
    • Platform android-34, build-tools 33.0.2
    • Java binary at: /usr/bin/java
      This JDK was found in the system PATH.
      To manually set the JDK path, use: `flutter config --jdk-dir="path/to/jdk"`.
    • Java version OpenJDK Runtime Environment Temurin-17.0.6+10 (build 17.0.6+10)
    ! Some Android licenses not accepted. To resolve this, run: flutter doctor --android-licenses

[✓] Xcode - develop for iOS and macOS (Xcode 16.4) [1,774ms]
    • Xcode at /Applications/Xcode.app/Contents/Developer
    • Build 16F6
    • CocoaPods version 1.16.2

[✓] Chrome - develop for the web [10ms]
    • Chrome at /Applications/Google Chrome.app/Contents/MacOS/Google Chrome

[!] Android Studio (not installed) [9ms]
    • Android Studio not found; download from https://developer.android.com/studio/index.html
      (or visit https://flutter.dev/to/macos-android-setup for detailed instructions).

[✓] VS Code (version 1.103.2) [9ms]
    • VS Code at /Applications/Visual Studio Code.app/Contents
    • Flutter extension version 3.116.0

[✓] Connected device (3 available) [7.1s]
    • Fulvio’s iPhone (wireless) (mobile) • 00008140-001A7C9E3C53001C • ios            • iOS 26.0 23A5336a
    • macOS (desktop)                     • macos                     • darwin-arm64   • macOS 15.6.1 24G90 darwin-arm64
    • Chrome (web)                        • chrome                    • web-javascript • Google Chrome 139.0.7258.155
    ! Error: Browsing on the local area network for Fulvio’s Apple Watch. Ensure the device is unlocked and discoverable via Bluetooth. (code -27)

[✓] Network resources [2.2s]
    • All expected network resources are available.

! Doctor found issues in 3 categories.
```
